[32m2024-04-01 17:25:32 +0545[0m - dagster - [34mDEBUG[0m - all_assets - 010192c8-06ad-484f-98ff-841801a57a44 - 28420 - LOGS_CAPTURED - Started capturing logs in process (pid: 28420).
[32m2024-04-01 17:25:32 +0545[0m - dagster - [34mDEBUG[0m - all_assets - 010192c8-06ad-484f-98ff-841801a57a44 - 28420 - data_pipe_transform_dbt_assets - STEP_START - Started execution of step "data_pipe_transform_dbt_assets".
[32m2024-04-01 17:25:32 +0545[0m - dagster - [34mINFO[0m - all_assets - 010192c8-06ad-484f-98ff-841801a57a44 - data_pipe_transform_dbt_assets - A dbt subsetted execution is not being performed. Using the default dbt selection arguments `['--select', 'fqn:*']`.
[32m2024-04-01 17:25:32 +0545[0m - dagster - [34mINFO[0m - all_assets - 010192c8-06ad-484f-98ff-841801a57a44 - data_pipe_transform_dbt_assets - Copying `S:\8_Intern\airbyte\end_to_end_new\data_pipe_transform\target\partial_parse.msgpack` to `S:\8_Intern\airbyte\end_to_end_new\data_pipe_transform\target\data_pipe_transform_dbt_assets-010192c-cf8fa32\partial_parse.msgpack` to take advantage of partial parsing.
[32m2024-04-01 17:25:32 +0545[0m - dagster - [34mINFO[0m - all_assets - 010192c8-06ad-484f-98ff-841801a57a44 - data_pipe_transform_dbt_assets - Running dbt command: `dbt build --select fqn:*`.
[32m2024-04-01 17:25:41 +0545[0m - dagster - [34mDEBUG[0m - all_assets - 010192c8-06ad-484f-98ff-841801a57a44 - 28420 - data_pipe_transform_dbt_assets - ASSET_OBSERVATION - ASSET_OBSERVATION for step data_pipe_transform_dbt_assets
[32m2024-04-01 17:25:42 +0545[0m - dagster - [34mDEBUG[0m - all_assets - 010192c8-06ad-484f-98ff-841801a57a44 - 28420 - data_pipe_transform_dbt_assets - STEP_OUTPUT - Yielded output "model_data_pipe_transform_stg_date" of type "Nothing". (Type check passed).
[32m2024-04-01 17:25:42 +0545[0m - dagster - [34mDEBUG[0m - all_assets - 010192c8-06ad-484f-98ff-841801a57a44 - 28420 - data_pipe_transform_dbt_assets - ASSET_MATERIALIZATION - Materialized value temp stg_date.
[32m2024-04-01 17:25:42 +0545[0m - dagster - [34mDEBUG[0m - all_assets - 010192c8-06ad-484f-98ff-841801a57a44 - 28420 - data_pipe_transform_dbt_assets - STEP_OUTPUT - Yielded output "model_data_pipe_transform_stg_sales" of type "Nothing". (Type check passed).
[32m2024-04-01 17:25:42 +0545[0m - dagster - [34mDEBUG[0m - all_assets - 010192c8-06ad-484f-98ff-841801a57a44 - 28420 - data_pipe_transform_dbt_assets - ASSET_MATERIALIZATION - Materialized value temp stg_sales.
[32m2024-04-01 17:25:44 +0545[0m - dagster - [34mDEBUG[0m - all_assets - 010192c8-06ad-484f-98ff-841801a57a44 - 28420 - data_pipe_transform_dbt_assets - STEP_OUTPUT - Yielded output "model_data_pipe_transform_mod_product" of type "Nothing". (Type check passed).
[32m2024-04-01 17:25:44 +0545[0m - dagster - [34mDEBUG[0m - all_assets - 010192c8-06ad-484f-98ff-841801a57a44 - 28420 - data_pipe_transform_dbt_assets - ASSET_MATERIALIZATION - Materialized value temp mod_product.
[32m2024-04-01 17:25:44 +0545[0m - dagster - [34mDEBUG[0m - all_assets - 010192c8-06ad-484f-98ff-841801a57a44 - 28420 - data_pipe_transform_dbt_assets - STEP_OUTPUT - Yielded output "model_data_pipe_transform_mod_customer" of type "Nothing". (Type check passed).
[32m2024-04-01 17:25:44 +0545[0m - dagster - [34mDEBUG[0m - all_assets - 010192c8-06ad-484f-98ff-841801a57a44 - 28420 - data_pipe_transform_dbt_assets - ASSET_MATERIALIZATION - Materialized value temp mod_customer.
[32m2024-04-01 17:25:44 +0545[0m - dagster - [34mDEBUG[0m - all_assets - 010192c8-06ad-484f-98ff-841801a57a44 - 28420 - data_pipe_transform_dbt_assets - STEP_OUTPUT - Yielded output "model_data_pipe_transform_dim_date" of type "Nothing". (Type check passed).
[32m2024-04-01 17:25:44 +0545[0m - dagster - [34mDEBUG[0m - all_assets - 010192c8-06ad-484f-98ff-841801a57a44 - 28420 - data_pipe_transform_dbt_assets - ASSET_MATERIALIZATION - Materialized value marts dim_date.
[32m2024-04-01 17:25:45 +0545[0m - dagster - [34mDEBUG[0m - all_assets - 010192c8-06ad-484f-98ff-841801a57a44 - 28420 - data_pipe_transform_dbt_assets - STEP_OUTPUT - Yielded output "model_data_pipe_transform_mod_fact" of type "Nothing". (Type check passed).
[32m2024-04-01 17:25:45 +0545[0m - dagster - [34mDEBUG[0m - all_assets - 010192c8-06ad-484f-98ff-841801a57a44 - 28420 - data_pipe_transform_dbt_assets - ASSET_MATERIALIZATION - Materialized value temp mod_fact.
[32m2024-04-01 17:25:45 +0545[0m - dagster - [34mDEBUG[0m - all_assets - 010192c8-06ad-484f-98ff-841801a57a44 - 28420 - data_pipe_transform_dbt_assets - STEP_OUTPUT - Yielded output "model_data_pipe_transform_dim_product" of type "Nothing". (Type check passed).
[32m2024-04-01 17:25:45 +0545[0m - dagster - [34mDEBUG[0m - all_assets - 010192c8-06ad-484f-98ff-841801a57a44 - 28420 - data_pipe_transform_dbt_assets - ASSET_MATERIALIZATION - Materialized value marts dim_product.
[32m2024-04-01 17:25:45 +0545[0m - dagster - [34mDEBUG[0m - all_assets - 010192c8-06ad-484f-98ff-841801a57a44 - 28420 - data_pipe_transform_dbt_assets - STEP_OUTPUT - Yielded output "model_data_pipe_transform_dim_customer" of type "Nothing". (Type check passed).
[32m2024-04-01 17:25:45 +0545[0m - dagster - [34mDEBUG[0m - all_assets - 010192c8-06ad-484f-98ff-841801a57a44 - 28420 - data_pipe_transform_dbt_assets - ASSET_MATERIALIZATION - Materialized value marts dim_customer.
[32m2024-04-01 17:25:46 +0545[0m - dagster - [34mDEBUG[0m - all_assets - 010192c8-06ad-484f-98ff-841801a57a44 - 28420 - data_pipe_transform_dbt_assets - STEP_OUTPUT - Yielded output "model_data_pipe_transform_enrich_fact" of type "Nothing". (Type check passed).
[32m2024-04-01 17:25:46 +0545[0m - dagster - [34mDEBUG[0m - all_assets - 010192c8-06ad-484f-98ff-841801a57a44 - 28420 - data_pipe_transform_dbt_assets - ASSET_MATERIALIZATION - Materialized value temp enrich_fact.
[32m2024-04-01 17:25:47 +0545[0m - dagster - [34mDEBUG[0m - all_assets - 010192c8-06ad-484f-98ff-841801a57a44 - 28420 - data_pipe_transform_dbt_assets - STEP_OUTPUT - Yielded output "model_data_pipe_transform_fact_sales" of type "Nothing". (Type check passed).
[32m2024-04-01 17:25:47 +0545[0m - dagster - [34mDEBUG[0m - all_assets - 010192c8-06ad-484f-98ff-841801a57a44 - 28420 - data_pipe_transform_dbt_assets - ASSET_MATERIALIZATION - Materialized value marts fact_sales.
[32m2024-04-01 17:25:48 +0545[0m - dagster - [34mINFO[0m - all_assets - 010192c8-06ad-484f-98ff-841801a57a44 - data_pipe_transform_dbt_assets - Finished dbt command: `dbt build --select fqn:*`.
[32m2024-04-01 17:25:48 +0545[0m - dagster - [34mDEBUG[0m - all_assets - 010192c8-06ad-484f-98ff-841801a57a44 - 28420 - data_pipe_transform_dbt_assets - STEP_SUCCESS - Finished execution of step "data_pipe_transform_dbt_assets" in 15.65s.
